[0.014s] Invoking command in '/home/sudhindra/demo_ws/build/arduinobot_description': CMAKE_PREFIX_PATH=/opt/ros/humble /usr/bin/cmake --build /home/sudhindra/demo_ws/build/arduinobot_description -- -j8 -l8
[0.042s] -- Found ament_cmake: 1.3.9 (/opt/ros/humble/share/ament_cmake/cmake)
[0.186s] -- Found ament_lint_auto: 0.12.11 (/opt/ros/humble/share/ament_lint_auto/cmake)
[0.263s] -- Added test 'flake8' to check Python code syntax and style conventions
[0.264s] -- Added test 'lint_cmake' to check CMake code style
[0.264s] -- Added test 'pep257' to check Python code against some of the docstring style conventions in PEP 257
[0.266s] -- Added test 'xmllint' to check XML markup files
[0.267s] -- Configuring done
[0.270s] -- Generating done
[0.271s] -- Build files have been written to: /home/sudhindra/demo_ws/build/arduinobot_description
[0.296s] Invoked command in '/home/sudhindra/demo_ws/build/arduinobot_description' returned '0': CMAKE_PREFIX_PATH=/opt/ros/humble /usr/bin/cmake --build /home/sudhindra/demo_ws/build/arduinobot_description -- -j8 -l8
[0.335s] Invoking command in '/home/sudhindra/demo_ws/build/arduinobot_description': CMAKE_PREFIX_PATH=/opt/ros/humble /usr/bin/cmake --install /home/sudhindra/demo_ws/build/arduinobot_description
[0.345s] -- Install configuration: ""
[0.345s] -- Up-to-date: /home/sudhindra/demo_ws/install/arduinobot_description/share/arduinobot_description/launch
[0.345s] -- Up-to-date: /home/sudhindra/demo_ws/install/arduinobot_description/share/arduinobot_description/launch/display.launch.py
[0.345s] -- Up-to-date: /home/sudhindra/demo_ws/install/arduinobot_description/share/arduinobot_description/meshes
[0.345s] -- Up-to-date: /home/sudhindra/demo_ws/install/arduinobot_description/share/arduinobot_description/meshes/link_4.STL
[0.345s] -- Up-to-date: /home/sudhindra/demo_ws/install/arduinobot_description/share/arduinobot_description/meshes/base_link.STL
[0.345s] -- Up-to-date: /home/sudhindra/demo_ws/install/arduinobot_description/share/arduinobot_description/meshes/link_3.STL
[0.346s] -- Up-to-date: /home/sudhindra/demo_ws/install/arduinobot_description/share/arduinobot_description/meshes/link_1.STL
[0.346s] -- Up-to-date: /home/sudhindra/demo_ws/install/arduinobot_description/share/arduinobot_description/meshes/link_5.STL
[0.346s] -- Up-to-date: /home/sudhindra/demo_ws/install/arduinobot_description/share/arduinobot_description/meshes/link_2.STL
[0.346s] -- Up-to-date: /home/sudhindra/demo_ws/install/arduinobot_description/share/arduinobot_description/meshes/link_7.STL
[0.347s] -- Up-to-date: /home/sudhindra/demo_ws/install/arduinobot_description/share/arduinobot_description/meshes/link_6.STL
[0.347s] -- Installing: /home/sudhindra/demo_ws/install/arduinobot_description/share/arduinobot_description/urdf
[0.347s] -- Installing: /home/sudhindra/demo_ws/install/arduinobot_description/share/arduinobot_description/urdf/arm_assembly.urdf.xacro
[0.347s] -- Installing: /home/sudhindra/demo_ws/install/arduinobot_description/share/arduinobot_description/rviz
[0.347s] -- Installing: /home/sudhindra/demo_ws/install/arduinobot_description/share/ament_index/resource_index/package_run_dependencies/arduinobot_description
[0.347s] -- Up-to-date: /home/sudhindra/demo_ws/install/arduinobot_description/share/ament_index/resource_index/parent_prefix_path/arduinobot_description
[0.347s] -- Up-to-date: /home/sudhindra/demo_ws/install/arduinobot_description/share/arduinobot_description/environment/ament_prefix_path.sh
[0.347s] -- Installing: /home/sudhindra/demo_ws/install/arduinobot_description/share/arduinobot_description/environment/ament_prefix_path.dsv
[0.348s] -- Up-to-date: /home/sudhindra/demo_ws/install/arduinobot_description/share/arduinobot_description/environment/path.sh
[0.348s] -- Installing: /home/sudhindra/demo_ws/install/arduinobot_description/share/arduinobot_description/environment/path.dsv
[0.348s] -- Up-to-date: /home/sudhindra/demo_ws/install/arduinobot_description/share/arduinobot_description/local_setup.bash
[0.348s] -- Up-to-date: /home/sudhindra/demo_ws/install/arduinobot_description/share/arduinobot_description/local_setup.sh
[0.348s] -- Up-to-date: /home/sudhindra/demo_ws/install/arduinobot_description/share/arduinobot_description/local_setup.zsh
[0.348s] -- Installing: /home/sudhindra/demo_ws/install/arduinobot_description/share/arduinobot_description/local_setup.dsv
[0.348s] -- Installing: /home/sudhindra/demo_ws/install/arduinobot_description/share/arduinobot_description/package.dsv
[0.348s] -- Up-to-date: /home/sudhindra/demo_ws/install/arduinobot_description/share/ament_index/resource_index/packages/arduinobot_description
[0.348s] -- Up-to-date: /home/sudhindra/demo_ws/install/arduinobot_description/share/arduinobot_description/cmake/arduinobot_descriptionConfig.cmake
[0.348s] -- Up-to-date: /home/sudhindra/demo_ws/install/arduinobot_description/share/arduinobot_description/cmake/arduinobot_descriptionConfig-version.cmake
[0.349s] -- Installing: /home/sudhindra/demo_ws/install/arduinobot_description/share/arduinobot_description/package.xml
[0.350s] Invoked command in '/home/sudhindra/demo_ws/build/arduinobot_description' returned '0': CMAKE_PREFIX_PATH=/opt/ros/humble /usr/bin/cmake --install /home/sudhindra/demo_ws/build/arduinobot_description
