[0.016s] Invoking command in '/home/sudhindra/demo_ws/build/arduinobot_description': CMAKE_PREFIX_PATH=/opt/ros/humble /usr/bin/cmake --build /home/sudhindra/demo_ws/build/arduinobot_description -- -j8 -l8
[0.045s] -- Found ament_cmake: 1.3.9 (/opt/ros/humble/share/ament_cmake/cmake)
[0.215s] -- Found ament_lint_auto: 0.12.11 (/opt/ros/humble/share/ament_lint_auto/cmake)
[0.309s] -- Added test 'lint_cmake' to check CMake code style
[0.310s] -- Added test 'xmllint' to check XML markup files
[0.311s] -- Configuring done
[0.315s] -- Generating done
[0.316s] -- Build files have been written to: /home/sudhindra/demo_ws/build/arduinobot_description
[0.343s] Invoked command in '/home/sudhindra/demo_ws/build/arduinobot_description' returned '0': CMAKE_PREFIX_PATH=/opt/ros/humble /usr/bin/cmake --build /home/sudhindra/demo_ws/build/arduinobot_description -- -j8 -l8
[0.383s] Invoking command in '/home/sudhindra/demo_ws/build/arduinobot_description': CMAKE_PREFIX_PATH=/opt/ros/humble /usr/bin/cmake --install /home/sudhindra/demo_ws/build/arduinobot_description
[0.392s] -- Install configuration: ""
[0.392s] -- Up-to-date: /home/sudhindra/demo_ws/install/arduinobot_description/share/ament_index/resource_index/package_run_dependencies/arduinobot_description
[0.393s] -- Up-to-date: /home/sudhindra/demo_ws/install/arduinobot_description/share/ament_index/resource_index/parent_prefix_path/arduinobot_description
[0.393s] -- Up-to-date: /home/sudhindra/demo_ws/install/arduinobot_description/share/arduinobot_description/environment/ament_prefix_path.sh
[0.393s] -- Installing: /home/sudhindra/demo_ws/install/arduinobot_description/share/arduinobot_description/environment/ament_prefix_path.dsv
[0.393s] -- Up-to-date: /home/sudhindra/demo_ws/install/arduinobot_description/share/arduinobot_description/environment/path.sh
[0.393s] -- Installing: /home/sudhindra/demo_ws/install/arduinobot_description/share/arduinobot_description/environment/path.dsv
[0.394s] -- Up-to-date: /home/sudhindra/demo_ws/install/arduinobot_description/share/arduinobot_description/local_setup.bash
[0.394s] -- Up-to-date: /home/sudhindra/demo_ws/install/arduinobot_description/share/arduinobot_description/local_setup.sh
[0.394s] -- Up-to-date: /home/sudhindra/demo_ws/install/arduinobot_description/share/arduinobot_description/local_setup.zsh
[0.394s] -- Installing: /home/sudhindra/demo_ws/install/arduinobot_description/share/arduinobot_description/local_setup.dsv
[0.394s] -- Installing: /home/sudhindra/demo_ws/install/arduinobot_description/share/arduinobot_description/package.dsv
[0.395s] -- Up-to-date: /home/sudhindra/demo_ws/install/arduinobot_description/share/ament_index/resource_index/packages/arduinobot_description
[0.395s] -- Up-to-date: /home/sudhindra/demo_ws/install/arduinobot_description/share/arduinobot_description/cmake/arduinobot_descriptionConfig.cmake
[0.395s] -- Up-to-date: /home/sudhindra/demo_ws/install/arduinobot_description/share/arduinobot_description/cmake/arduinobot_descriptionConfig-version.cmake
[0.395s] -- Installing: /home/sudhindra/demo_ws/install/arduinobot_description/share/arduinobot_description/package.xml
[0.398s] Invoked command in '/home/sudhindra/demo_ws/build/arduinobot_description' returned '0': CMAKE_PREFIX_PATH=/opt/ros/humble /usr/bin/cmake --install /home/sudhindra/demo_ws/build/arduinobot_description
