[0.015s] Invoking command in '/home/sudhindra/demo_ws/build/arduinobot_description': CMAKE_PREFIX_PATH=/opt/ros/humble /usr/bin/cmake /home/sudhindra/demo_ws/src/arduinobot_description -DCMAKE_INSTALL_PREFIX=/home/sudhindra/demo_ws/install/arduinobot_description
[0.146s] -- The C compiler identification is GNU 11.4.0
[0.253s] -- The CXX compiler identification is GNU 11.4.0
[0.262s] -- Detecting C compiler ABI info
[0.345s] -- Detecting C compiler ABI info - done
[0.359s] -- Check for working C compiler: /usr/bin/cc - skipped
[0.359s] -- Detecting C compile features
[0.360s] -- Detecting C compile features - done
[0.365s] -- Detecting CXX compiler ABI info
[0.450s] -- Detecting CXX compiler ABI info - done
[0.459s] -- Check for working CXX compiler: /usr/bin/c++ - skipped
[0.460s] -- Detecting CXX compile features
[0.460s] -- Detecting CXX compile features - done
[0.465s] -- Found ament_cmake: 1.3.9 (/opt/ros/humble/share/ament_cmake/cmake)
[0.643s] -- Found Python3: /usr/bin/python3 (found version "3.10.12") found components: Interpreter 
[0.752s] -- Found ament_lint_auto: 0.12.11 (/opt/ros/humble/share/ament_lint_auto/cmake)
[0.845s] -- Added test 'lint_cmake' to check CMake code style
[0.846s] -- Added test 'xmllint' to check XML markup files
[0.848s] -- Configuring done
[0.851s] -- Generating done
[0.852s] -- Build files have been written to: /home/sudhindra/demo_ws/build/arduinobot_description
[0.856s] Invoked command in '/home/sudhindra/demo_ws/build/arduinobot_description' returned '0': CMAKE_PREFIX_PATH=/opt/ros/humble /usr/bin/cmake /home/sudhindra/demo_ws/src/arduinobot_description -DCMAKE_INSTALL_PREFIX=/home/sudhindra/demo_ws/install/arduinobot_description
[0.859s] Invoking command in '/home/sudhindra/demo_ws/build/arduinobot_description': CMAKE_PREFIX_PATH=/opt/ros/humble /usr/bin/cmake --build /home/sudhindra/demo_ws/build/arduinobot_description -- -j8 -l8
[0.899s] Invoked command in '/home/sudhindra/demo_ws/build/arduinobot_description' returned '0': CMAKE_PREFIX_PATH=/opt/ros/humble /usr/bin/cmake --build /home/sudhindra/demo_ws/build/arduinobot_description -- -j8 -l8
[0.934s] Invoking command in '/home/sudhindra/demo_ws/build/arduinobot_description': CMAKE_PREFIX_PATH=/opt/ros/humble /usr/bin/cmake --install /home/sudhindra/demo_ws/build/arduinobot_description
[0.943s] -- Install configuration: ""
[0.943s] -- Installing: /home/sudhindra/demo_ws/install/arduinobot_description/share/ament_index/resource_index/package_run_dependencies/arduinobot_description
[0.943s] -- Installing: /home/sudhindra/demo_ws/install/arduinobot_description/share/ament_index/resource_index/parent_prefix_path/arduinobot_description
[0.944s] -- Installing: /home/sudhindra/demo_ws/install/arduinobot_description/share/arduinobot_description/environment/ament_prefix_path.sh
[0.944s] -- Installing: /home/sudhindra/demo_ws/install/arduinobot_description/share/arduinobot_description/environment/ament_prefix_path.dsv
[0.944s] -- Installing: /home/sudhindra/demo_ws/install/arduinobot_description/share/arduinobot_description/environment/path.sh
[0.945s] -- Installing: /home/sudhindra/demo_ws/install/arduinobot_description/share/arduinobot_description/environment/path.dsv
[0.945s] -- Installing: /home/sudhindra/demo_ws/install/arduinobot_description/share/arduinobot_description/local_setup.bash
[0.945s] -- Installing: /home/sudhindra/demo_ws/install/arduinobot_description/share/arduinobot_description/local_setup.sh
[0.945s] -- Installing: /home/sudhindra/demo_ws/install/arduinobot_description/share/arduinobot_description/local_setup.zsh
[0.945s] -- Installing: /home/sudhindra/demo_ws/install/arduinobot_description/share/arduinobot_description/local_setup.dsv
[0.945s] -- Installing: /home/sudhindra/demo_ws/install/arduinobot_description/share/arduinobot_description/package.dsv
[0.945s] -- Installing: /home/sudhindra/demo_ws/install/arduinobot_description/share/ament_index/resource_index/packages/arduinobot_description
[0.945s] -- Installing: /home/sudhindra/demo_ws/install/arduinobot_description/share/arduinobot_description/cmake/arduinobot_descriptionConfig.cmake
[0.946s] -- Installing: /home/sudhindra/demo_ws/install/arduinobot_description/share/arduinobot_description/cmake/arduinobot_descriptionConfig-version.cmake
[0.946s] -- Installing: /home/sudhindra/demo_ws/install/arduinobot_description/share/arduinobot_description/package.xml
[0.948s] Invoked command in '/home/sudhindra/demo_ws/build/arduinobot_description' returned '0': CMAKE_PREFIX_PATH=/opt/ros/humble /usr/bin/cmake --install /home/sudhindra/demo_ws/build/arduinobot_description
