-- Found ament_cmake: 1.3.9 (/opt/ros/humble/share/ament_cmake/cmake)
-- Found ament_lint_auto: 0.12.11 (/opt/ros/humble/share/ament_lint_auto/cmake)
-- Added test 'flake8' to check Python code syntax and style conventions
-- Added test 'lint_cmake' to check CMake code style
-- Added test 'pep257' to check Python code against some of the docstring style conventions in PEP 257
-- Added test 'xmllint' to check XML markup files
-- Configuring done
-- Generating done
-- Build files have been written to: /home/sudhindra/demo_ws/build/arduinobot_description
-- Install configuration: ""
-- Installing: /home/sudhindra/demo_ws/install/arduinobot_description/share/arduinobot_description/launch
-- Installing: /home/sudhindra/demo_ws/install/arduinobot_description/share/arduinobot_description/launch/display.launch.py
-- Installing: /home/sudhindra/demo_ws/install/arduinobot_description/share/arduinobot_description/meshes
-- Installing: /home/sudhindra/demo_ws/install/arduinobot_description/share/arduinobot_description/meshes/link_4.STL
-- Installing: /home/sudhindra/demo_ws/install/arduinobot_description/share/arduinobot_description/meshes/base_link.STL
-- Installing: /home/sudhindra/demo_ws/install/arduinobot_description/share/arduinobot_description/meshes/link_3.STL
-- Installing: /home/sudhindra/demo_ws/install/arduinobot_description/share/arduinobot_description/meshes/link_1.STL
-- Installing: /home/sudhindra/demo_ws/install/arduinobot_description/share/arduinobot_description/meshes/link_5.STL
-- Installing: /home/sudhindra/demo_ws/install/arduinobot_description/share/arduinobot_description/meshes/link_2.STL
-- Installing: /home/sudhindra/demo_ws/install/arduinobot_description/share/arduinobot_description/meshes/link_7.STL
-- Installing: /home/sudhindra/demo_ws/install/arduinobot_description/share/arduinobot_description/meshes/link_6.STL
