[0.016s] Invoking command in '/home/sudhindra/demo_ws/build/arduinobot_description': CMAKE_PREFIX_PATH=/opt/ros/humble /usr/bin/cmake --build /home/sudhindra/demo_ws/build/arduinobot_description -- -j8 -l8
[0.042s] -- Found ament_cmake: 1.3.9 (/opt/ros/humble/share/ament_cmake/cmake)
[0.182s] -- Found ament_lint_auto: 0.12.11 (/opt/ros/humble/share/ament_lint_auto/cmake)
[0.258s] -- Added test 'flake8' to check Python code syntax and style conventions
[0.259s] -- Added test 'lint_cmake' to check CMake code style
[0.259s] -- Added test 'pep257' to check Python code against some of the docstring style conventions in PEP 257
[0.261s] -- Added test 'xmllint' to check XML markup files
[0.263s] -- Configuring done
[0.266s] -- Generating done
[0.268s] -- Build files have been written to: /home/sudhindra/demo_ws/build/arduinobot_description
[0.291s] Invoked command in '/home/sudhindra/demo_ws/build/arduinobot_description' returned '0': CMAKE_PREFIX_PATH=/opt/ros/humble /usr/bin/cmake --build /home/sudhindra/demo_ws/build/arduinobot_description -- -j8 -l8
[0.324s] Invoking command in '/home/sudhindra/demo_ws/build/arduinobot_description': CMAKE_PREFIX_PATH=/opt/ros/humble /usr/bin/cmake --install /home/sudhindra/demo_ws/build/arduinobot_description
[0.333s] -- Install configuration: ""
[0.333s] -- Installing: /home/sudhindra/demo_ws/install/arduinobot_description/share/arduinobot_description/launch
[0.334s] -- Installing: /home/sudhindra/demo_ws/install/arduinobot_description/share/arduinobot_description/launch/display.launch.py
[0.334s] -- Installing: /home/sudhindra/demo_ws/install/arduinobot_description/share/arduinobot_description/meshes
[0.334s] -- Installing: /home/sudhindra/demo_ws/install/arduinobot_description/share/arduinobot_description/meshes/link_4.STL
[0.334s] -- Installing: /home/sudhindra/demo_ws/install/arduinobot_description/share/arduinobot_description/meshes/base_link.STL
[0.335s] -- Installing: /home/sudhindra/demo_ws/install/arduinobot_description/share/arduinobot_description/meshes/link_3.STL
[0.358s] -- Installing: /home/sudhindra/demo_ws/install/arduinobot_description/share/arduinobot_description/meshes/link_1.STL
[0.359s] -- Installing: /home/sudhindra/demo_ws/install/arduinobot_description/share/arduinobot_description/meshes/link_5.STL
[0.377s] -- Installing: /home/sudhindra/demo_ws/install/arduinobot_description/share/arduinobot_description/meshes/link_2.STL
[0.401s] -- Installing: /home/sudhindra/demo_ws/install/arduinobot_description/share/arduinobot_description/meshes/link_7.STL
[0.402s] -- Installing: /home/sudhindra/demo_ws/install/arduinobot_description/share/arduinobot_description/meshes/link_6.STL
[0.402s] [31mCMake Error at cmake_install.cmake:46 (file):
[0.402s]   file INSTALL cannot find
[0.402s]   "/home/sudhindra/demo_ws/src/arduinobot_description/models": No such file
[0.403s]   or directory.
[0.403s] 
[0.403s] [0m
[0.405s] Invoked command in '/home/sudhindra/demo_ws/build/arduinobot_description' returned '1': CMAKE_PREFIX_PATH=/opt/ros/humble /usr/bin/cmake --install /home/sudhindra/demo_ws/build/arduinobot_description
