[0.009s] Invoking command in '/home/sudhindra/demo_ws/build/arduinobot_description': CMAKE_PREFIX_PATH=${CMAKE_PREFIX_PATH}:/opt/ros/humble /usr/bin/cmake --build /home/sudhindra/demo_ws/build/arduinobot_description -- -j8 -l8
[0.038s] Invoked command in '/home/sudhindra/demo_ws/build/arduinobot_description' returned '0': CMAKE_PREFIX_PATH=${CMAKE_PREFIX_PATH}:/opt/ros/humble /usr/bin/cmake --build /home/sudhindra/demo_ws/build/arduinobot_description -- -j8 -l8
[0.063s] Invoking command in '/home/sudhindra/demo_ws/build/arduinobot_description': CMAKE_PREFIX_PATH=${CMAKE_PREFIX_PATH}:/opt/ros/humble /usr/bin/cmake --install /home/sudhindra/demo_ws/build/arduinobot_description
[0.070s] -- Install configuration: ""
[0.070s] -- Up-to-date: /home/sudhindra/demo_ws/install/arduinobot_description/share/arduinobot_description/launch
[0.070s] -- Up-to-date: /home/sudhindra/demo_ws/install/arduinobot_description/share/arduinobot_description/launch/display.launch.py
[0.070s] -- Up-to-date: /home/sudhindra/demo_ws/install/arduinobot_description/share/arduinobot_description/meshes
[0.070s] -- Up-to-date: /home/sudhindra/demo_ws/install/arduinobot_description/share/arduinobot_description/meshes/link_4.STL
[0.070s] -- Up-to-date: /home/sudhindra/demo_ws/install/arduinobot_description/share/arduinobot_description/meshes/base_link.STL
[0.070s] -- Up-to-date: /home/sudhindra/demo_ws/install/arduinobot_description/share/arduinobot_description/meshes/link_3.STL
[0.070s] -- Up-to-date: /home/sudhindra/demo_ws/install/arduinobot_description/share/arduinobot_description/meshes/link_1.STL
[0.070s] -- Up-to-date: /home/sudhindra/demo_ws/install/arduinobot_description/share/arduinobot_description/meshes/link_5.STL
[0.070s] -- Up-to-date: /home/sudhindra/demo_ws/install/arduinobot_description/share/arduinobot_description/meshes/link_2.STL
[0.070s] -- Up-to-date: /home/sudhindra/demo_ws/install/arduinobot_description/share/arduinobot_description/meshes/link_7.STL
[0.070s] -- Up-to-date: /home/sudhindra/demo_ws/install/arduinobot_description/share/arduinobot_description/meshes/link_6.STL
[0.071s] -- Up-to-date: /home/sudhindra/demo_ws/install/arduinobot_description/share/arduinobot_description/urdf
[0.071s] -- Up-to-date: /home/sudhindra/demo_ws/install/arduinobot_description/share/arduinobot_description/urdf/arm_assembly.urdf.xacro
[0.071s] -- Up-to-date: /home/sudhindra/demo_ws/install/arduinobot_description/share/arduinobot_description/rviz
[0.071s] -- Installing: /home/sudhindra/demo_ws/install/arduinobot_description/share/arduinobot_description/rviz/display.rviz
[0.071s] -- Up-to-date: /home/sudhindra/demo_ws/install/arduinobot_description/share/ament_index/resource_index/package_run_dependencies/arduinobot_description
[0.071s] -- Up-to-date: /home/sudhindra/demo_ws/install/arduinobot_description/share/ament_index/resource_index/parent_prefix_path/arduinobot_description
[0.071s] -- Up-to-date: /home/sudhindra/demo_ws/install/arduinobot_description/share/arduinobot_description/environment/ament_prefix_path.sh
[0.071s] -- Up-to-date: /home/sudhindra/demo_ws/install/arduinobot_description/share/arduinobot_description/environment/ament_prefix_path.dsv
[0.071s] -- Up-to-date: /home/sudhindra/demo_ws/install/arduinobot_description/share/arduinobot_description/environment/path.sh
[0.071s] -- Up-to-date: /home/sudhindra/demo_ws/install/arduinobot_description/share/arduinobot_description/environment/path.dsv
[0.071s] -- Up-to-date: /home/sudhindra/demo_ws/install/arduinobot_description/share/arduinobot_description/local_setup.bash
[0.071s] -- Up-to-date: /home/sudhindra/demo_ws/install/arduinobot_description/share/arduinobot_description/local_setup.sh
[0.071s] -- Up-to-date: /home/sudhindra/demo_ws/install/arduinobot_description/share/arduinobot_description/local_setup.zsh
[0.071s] -- Up-to-date: /home/sudhindra/demo_ws/install/arduinobot_description/share/arduinobot_description/local_setup.dsv
[0.071s] -- Installing: /home/sudhindra/demo_ws/install/arduinobot_description/share/arduinobot_description/package.dsv
[0.072s] -- Up-to-date: /home/sudhindra/demo_ws/install/arduinobot_description/share/ament_index/resource_index/packages/arduinobot_description
[0.072s] -- Up-to-date: /home/sudhindra/demo_ws/install/arduinobot_description/share/arduinobot_description/cmake/arduinobot_descriptionConfig.cmake
[0.072s] -- Up-to-date: /home/sudhindra/demo_ws/install/arduinobot_description/share/arduinobot_description/cmake/arduinobot_descriptionConfig-version.cmake
[0.072s] -- Up-to-date: /home/sudhindra/demo_ws/install/arduinobot_description/share/arduinobot_description/package.xml
[0.073s] Invoked command in '/home/sudhindra/demo_ws/build/arduinobot_description' returned '0': CMAKE_PREFIX_PATH=${CMAKE_PREFIX_PATH}:/opt/ros/humble /usr/bin/cmake --install /home/sudhindra/demo_ws/build/arduinobot_description
