-- Install configuration: ""
-- Up-to-date: /home/sudhindra/demo_ws/install/arduinobot_description/share/arduinobot_description/launch
-- Up-to-date: /home/sudhindra/demo_ws/install/arduinobot_description/share/arduinobot_description/launch/display.launch.py
-- Up-to-date: /home/sudhindra/demo_ws/install/arduinobot_description/share/arduinobot_description/meshes
-- Up-to-date: /home/sudhindra/demo_ws/install/arduinobot_description/share/arduinobot_description/meshes/link_4.STL
-- Up-to-date: /home/sudhindra/demo_ws/install/arduinobot_description/share/arduinobot_description/meshes/base_link.STL
-- Up-to-date: /home/sudhindra/demo_ws/install/arduinobot_description/share/arduinobot_description/meshes/link_3.STL
-- Up-to-date: /home/sudhindra/demo_ws/install/arduinobot_description/share/arduinobot_description/meshes/link_1.STL
-- Up-to-date: /home/sudhindra/demo_ws/install/arduinobot_description/share/arduinobot_description/meshes/link_5.STL
-- Up-to-date: /home/sudhindra/demo_ws/install/arduinobot_description/share/arduinobot_description/meshes/link_2.STL
-- Up-to-date: /home/sudhindra/demo_ws/install/arduinobot_description/share/arduinobot_description/meshes/link_7.STL
-- Up-to-date: /home/sudhindra/demo_ws/install/arduinobot_description/share/arduinobot_description/meshes/link_6.STL
-- Up-to-date: /home/sudhindra/demo_ws/install/arduinobot_description/share/arduinobot_description/urdf
-- Installing: /home/sudhindra/demo_ws/install/arduinobot_description/share/arduinobot_description/urdf/arm_assembly.urdf.xacro
-- Up-to-date: /home/sudhindra/demo_ws/install/arduinobot_description/share/arduinobot_description/rviz
-- Up-to-date: /home/sudhindra/demo_ws/install/arduinobot_description/share/ament_index/resource_index/package_run_dependencies/arduinobot_description
-- Up-to-date: /home/sudhindra/demo_ws/install/arduinobot_description/share/ament_index/resource_index/parent_prefix_path/arduinobot_description
-- Up-to-date: /home/sudhindra/demo_ws/install/arduinobot_description/share/arduinobot_description/environment/ament_prefix_path.sh
-- Up-to-date: /home/sudhindra/demo_ws/install/arduinobot_description/share/arduinobot_description/environment/ament_prefix_path.dsv
-- Up-to-date: /home/sudhindra/demo_ws/install/arduinobot_description/share/arduinobot_description/environment/path.sh
-- Up-to-date: /home/sudhindra/demo_ws/install/arduinobot_description/share/arduinobot_description/environment/path.dsv
-- Up-to-date: /home/sudhindra/demo_ws/install/arduinobot_description/share/arduinobot_description/local_setup.bash
-- Up-to-date: /home/sudhindra/demo_ws/install/arduinobot_description/share/arduinobot_description/local_setup.sh
-- Up-to-date: /home/sudhindra/demo_ws/install/arduinobot_description/share/arduinobot_description/local_setup.zsh
-- Up-to-date: /home/sudhindra/demo_ws/install/arduinobot_description/share/arduinobot_description/local_setup.dsv
-- Up-to-date: /home/sudhindra/demo_ws/install/arduinobot_description/share/arduinobot_description/package.dsv
-- Up-to-date: /home/sudhindra/demo_ws/install/arduinobot_description/share/ament_index/resource_index/packages/arduinobot_description
-- Up-to-date: /home/sudhindra/demo_ws/install/arduinobot_description/share/arduinobot_description/cmake/arduinobot_descriptionConfig.cmake
-- Up-to-date: /home/sudhindra/demo_ws/install/arduinobot_description/share/arduinobot_description/cmake/arduinobot_descriptionConfig-version.cmake
-- Up-to-date: /home/sudhindra/demo_ws/install/arduinobot_description/share/arduinobot_description/package.xml
